2022-12-09 10:12:23.627052: ### IMAGE PROCESSING ###
2022-12-09 10:12:26.179172: ### SERIAL CONNECTION ###
2022-12-09 10:12:26.179772: ### ORIGIN DEFINITION ###
2022-12-09 10:12:39.195954: ### POINT FRAME CONVERSION ###
2022-12-09 10:12:39.196336: <<< listpv p0
2022-12-09 10:12:40.197587: >>> No answer.
2022-12-09 10:12:40.198312: 
### POINT p0 coordinates (in robot) ###
2022-12-09 10:12:42.836688: ### RECORDING POINTS IN ROBOT ###
2022-12-09 10:12:42.837164: <<< DIMP path[7]
2022-12-09 10:12:43.838035: >>> No answer.
2022-12-09 10:12:43.838268: <<< HERE path[1]
2022-12-09 10:12:44.838934: >>> No answer.
2022-12-09 10:12:44.839159: <<< SETPVC path[1] X 0
2022-12-09 10:12:45.839873: >>> No answer.
2022-12-09 10:12:45.840094: <<< SETPVC path[1] Y 0
2022-12-09 10:12:46.840971: >>> No answer.
2022-12-09 10:12:46.841194: <<< SETPVC path[1] Z 0
2022-12-09 10:12:47.842042: >>> No answer.
2022-12-09 10:12:47.842260: <<< SETPVC path[1] P 0
2022-12-09 10:12:48.843106: >>> No answer.
2022-12-09 10:12:48.843489: <<< SETPVC path[1] R 0
2022-12-09 10:12:49.844174: >>> No answer.
2022-12-09 10:12:49.844558: <<< HERE path[2]
2022-12-09 10:12:50.845418: >>> No answer.
2022-12-09 10:12:50.845775: <<< SETPVC path[2] X 146
2022-12-09 10:12:51.846415: >>> No answer.
2022-12-09 10:12:51.846761: <<< SETPVC path[2] Y 23
2022-12-09 10:12:52.847415: >>> No answer.
2022-12-09 10:12:52.847708: <<< SETPVC path[2] Z 0
2022-12-09 10:12:53.848547: >>> No answer.
2022-12-09 10:12:53.848740: <<< SETPVC path[2] P 0
2022-12-09 10:12:54.849624: >>> No answer.
2022-12-09 10:12:54.849845: <<< SETPVC path[2] R 0
2022-12-09 10:12:55.850557: >>> No answer.
2022-12-09 10:12:55.850781: <<< HERE path[3]
2022-12-09 10:12:56.851396: >>> No answer.
2022-12-09 10:12:56.851617: <<< SETPVC path[3] X 745
2022-12-09 10:12:57.852431: >>> No answer.
2022-12-09 10:12:57.852646: <<< SETPVC path[3] Y 196
2022-12-09 10:12:58.853682: >>> No answer.
2022-12-09 10:12:58.854094: <<< SETPVC path[3] Z 0
2022-12-09 10:12:59.854735: >>> No answer.
2022-12-09 10:12:59.854939: <<< SETPVC path[3] P 0
2022-12-09 10:13:00.855767: >>> No answer.
2022-12-09 10:13:00.855976: <<< SETPVC path[3] R 0
2022-12-09 10:13:01.856786: >>> No answer.
2022-12-09 10:13:01.856986: <<< HERE path[4]
2022-12-09 10:13:02.857910: >>> No answer.
2022-12-09 10:13:02.858129: <<< SETPVC path[4] X 1381
2022-12-09 10:13:03.859012: >>> No answer.
2022-12-09 10:13:03.859232: <<< SETPVC path[4] Y 40
2022-12-09 10:13:04.860100: >>> No answer.
2022-12-09 10:13:04.860322: <<< SETPVC path[4] Z 0
2022-12-09 10:13:05.861213: >>> No answer.
2022-12-09 10:13:05.861406: <<< SETPVC path[4] P 0
2022-12-09 10:13:06.861654: >>> No answer.
2022-12-09 10:13:06.861876: <<< SETPVC path[4] R 0
2022-12-09 10:13:07.862906: >>> No answer.
2022-12-09 10:13:07.863424: <<< HERE path[5]
2022-12-09 10:13:08.864092: >>> No answer.
2022-12-09 10:13:08.864384: <<< SETPVC path[5] X 1671
2022-12-09 10:13:09.865044: >>> No answer.
2022-12-09 10:13:09.865255: <<< SETPVC path[5] Y 301
2022-12-09 10:13:10.865915: >>> No answer.
2022-12-09 10:13:10.866113: <<< SETPVC path[5] Z 0
2022-12-09 10:13:11.866879: >>> No answer.
2022-12-09 10:13:11.867077: <<< SETPVC path[5] P 0
2022-12-09 10:13:12.867955: >>> No answer.
2022-12-09 10:13:12.868150: <<< SETPVC path[5] R 0
2022-12-09 10:13:13.869012: >>> No answer.
2022-12-09 10:13:13.869228: <<< HERE path[6]
2022-12-09 10:13:14.870279: >>> No answer.
2022-12-09 10:13:14.870497: <<< SETPVC path[6] X 701
2022-12-09 10:13:15.871421: >>> No answer.
2022-12-09 10:13:15.871656: <<< SETPVC path[6] Y 583
2022-12-09 10:13:16.872326: >>> No answer.
2022-12-09 10:13:16.872538: <<< SETPVC path[6] Z 0
2022-12-09 10:13:17.873569: >>> No answer.
2022-12-09 10:13:17.873799: <<< SETPVC path[6] P 0
2022-12-09 10:13:18.874482: >>> No answer.
2022-12-09 10:13:18.874700: <<< SETPVC path[6] R 0
2022-12-09 10:13:19.875385: >>> No answer.
2022-12-09 10:13:19.875592: <<< HERE path[7]
2022-12-09 10:13:20.876479: >>> No answer.
2022-12-09 10:13:20.876684: <<< SETPVC path[7] X 21
2022-12-09 10:13:21.877555: >>> No answer.
2022-12-09 10:13:21.877762: <<< SETPVC path[7] Y 148
2022-12-09 10:13:22.878915: >>> No answer.
2022-12-09 10:13:22.879365: <<< SETPVC path[7] Z 0
2022-12-09 10:13:23.880235: >>> No answer.
2022-12-09 10:13:23.880738: <<< SETPVC path[7] P 0
2022-12-09 10:13:24.881384: >>> No answer.
2022-12-09 10:13:24.881608: <<< SETPVC path[7] R 0
2022-12-09 10:13:25.882360: >>> No answer.
2022-12-09 10:13:25.882680: ### START DRAWING ###
2022-12-09 10:13:25.883395: <<< TEACH path[1]
2022-12-09 10:13:26.883702: >>> No answer.
2022-12-09 10:13:26.883988: <<< MOVE path[1]
2022-12-09 10:13:27.884557: >>> No answer.
2022-12-09 10:13:27.884761: <<< HERE path[1]
2022-12-09 10:13:28.885581: >>> No answer.
2022-12-09 10:13:28.885780: <<< TEACH path[2]
2022-12-09 10:13:29.886635: >>> No answer.
2022-12-09 10:13:29.886877: <<< MOVE path[2]
2022-12-09 10:13:30.887501: >>> No answer.
2022-12-09 10:13:30.887712: <<< HERE path[2]
2022-12-09 10:13:31.888683: >>> No answer.
2022-12-09 10:13:31.888892: <<< TEACH path[3]
2022-12-09 10:13:32.889796: >>> No answer.
2022-12-09 10:13:32.890015: <<< MOVE path[3]
2022-12-09 10:13:33.890977: >>> No answer.
2022-12-09 10:13:33.891191: <<< HERE path[3]
2022-12-09 10:13:34.892041: >>> No answer.
2022-12-09 10:13:34.892254: <<< TEACH path[4]
2022-12-09 10:13:35.893042: >>> No answer.
2022-12-09 10:13:35.893257: <<< MOVE path[4]
2022-12-09 10:13:36.893915: >>> No answer.
2022-12-09 10:13:36.894129: <<< HERE path[4]
2022-12-09 10:13:37.895094: >>> No answer.
2022-12-09 10:13:37.895563: <<< TEACH path[5]
2022-12-09 10:13:38.896382: >>> No answer.
2022-12-09 10:13:38.896896: <<< MOVE path[5]
2022-12-09 10:13:39.897581: >>> No answer.
2022-12-09 10:13:39.897779: <<< HERE path[5]
2022-12-09 10:13:40.898584: >>> No answer.
2022-12-09 10:13:40.898776: <<< TEACH path[6]
2022-12-09 10:13:41.899500: >>> No answer.
2022-12-09 10:13:41.899692: <<< MOVE path[6]
2022-12-09 10:13:42.900302: >>> No answer.
2022-12-09 10:13:42.900493: <<< HERE path[6]
2022-12-09 10:13:43.901343: >>> No answer.
2022-12-09 10:13:43.901619: <<< TEACH path[7]
2022-12-09 10:13:44.902454: >>> No answer.
2022-12-09 10:13:44.902673: <<< MOVE path[7]
2022-12-09 10:13:45.903531: >>> No answer.
2022-12-09 10:13:45.903731: <<< HERE path[7]
2022-12-09 10:13:46.904622: >>> No answer.
2022-12-09 10:13:46.904832: <<< MOVE path 1 7
2022-12-09 10:13:47.905810: >>> No answer.
